{"C:\\Users\\ASUS\\Documents\\GitHub\\af-2-NIKKAvRULZ\\GlobeTrekker\\backend\\controllers\\authController.js": {"path":"C:\\Users\\ASUS\\Documents\\GitHub\\af-2-NIKKAvRULZ\\GlobeTrekker\\backend\\controllers\\authController.js","statementMap":{"0":{"start":{"line":1,"column":13},"end":{"line":1,"column":38}},"1":{"start":{"line":2,"column":15},"end":{"line":2,"column":34}},"2":{"start":{"line":3,"column":12},"end":{"line":3,"column":35}},"3":{"start":{"line":5,"column":0},"end":{"line":37,"column":2}},"4":{"start":{"line":6,"column":2},"end":{"line":36,"column":3}},"5":{"start":{"line":7,"column":38},"end":{"line":7,"column":46}},"6":{"start":{"line":9,"column":4},"end":{"line":11,"column":5}},"7":{"start":{"line":10,"column":6},"end":{"line":10,"column":70}},"8":{"start":{"line":13,"column":25},"end":{"line":13,"column":54}},"9":{"start":{"line":14,"column":4},"end":{"line":16,"column":5}},"10":{"start":{"line":15,"column":6},"end":{"line":15,"column":66}},"11":{"start":{"line":18,"column":27},"end":{"line":18,"column":58}},"12":{"start":{"line":20,"column":20},"end":{"line":24,"column":6}},"13":{"start":{"line":26,"column":4},"end":{"line":26,"column":25}},"14":{"start":{"line":28,"column":18},"end":{"line":30,"column":6}},"15":{"start":{"line":32,"column":4},"end":{"line":32,"column":93}},"16":{"start":{"line":34,"column":4},"end":{"line":34,"column":40}},"17":{"start":{"line":35,"column":4},"end":{"line":35,"column":50}},"18":{"start":{"line":39,"column":0},"end":{"line":61,"column":2}},"19":{"start":{"line":40,"column":30},"end":{"line":40,"column":38}},"20":{"start":{"line":42,"column":2},"end":{"line":60,"column":3}},"21":{"start":{"line":43,"column":17},"end":{"line":43,"column":46}},"22":{"start":{"line":44,"column":4},"end":{"line":44,"column":75}},"23":{"start":{"line":44,"column":15},"end":{"line":44,"column":75}},"24":{"start":{"line":46,"column":20},"end":{"line":46,"column":65}},"25":{"start":{"line":47,"column":4},"end":{"line":47,"column":78}},"26":{"start":{"line":47,"column":18},"end":{"line":47,"column":78}},"27":{"start":{"line":49,"column":18},"end":{"line":49,"column":89}},"28":{"start":{"line":50,"column":4},"end":{"line":57,"column":7}},"29":{"start":{"line":59,"column":4},"end":{"line":59,"column":47}},"30":{"start":{"line":63,"column":0},"end":{"line":70,"column":2}},"31":{"start":{"line":64,"column":2},"end":{"line":69,"column":3}},"32":{"start":{"line":65,"column":17},"end":{"line":65,"column":69}},"33":{"start":{"line":66,"column":4},"end":{"line":66,"column":23}},"34":{"start":{"line":68,"column":4},"end":{"line":68,"column":50}}},"fnMap":{"0":{"name":"(anonymous_0)","decl":{"start":{"line":5,"column":17},"end":{"line":5,"column":18}},"loc":{"start":{"line":5,"column":37},"end":{"line":37,"column":1}},"line":5},"1":{"name":"(anonymous_1)","decl":{"start":{"line":39,"column":16},"end":{"line":39,"column":17}},"loc":{"start":{"line":39,"column":36},"end":{"line":61,"column":1}},"line":39},"2":{"name":"(anonymous_2)","decl":{"start":{"line":63,"column":22},"end":{"line":63,"column":23}},"loc":{"start":{"line":63,"column":42},"end":{"line":70,"column":1}},"line":63}},"branchMap":{"0":{"loc":{"start":{"line":9,"column":4},"end":{"line":11,"column":5}},"type":"if","locations":[{"start":{"line":9,"column":4},"end":{"line":11,"column":5}},{"start":{},"end":{}}],"line":9},"1":{"loc":{"start":{"line":9,"column":8},"end":{"line":9,"column":36}},"type":"binary-expr","locations":[{"start":{"line":9,"column":8},"end":{"line":9,"column":13}},{"start":{"line":9,"column":17},"end":{"line":9,"column":23}},{"start":{"line":9,"column":27},"end":{"line":9,"column":36}}],"line":9},"2":{"loc":{"start":{"line":14,"column":4},"end":{"line":16,"column":5}},"type":"if","locations":[{"start":{"line":14,"column":4},"end":{"line":16,"column":5}},{"start":{},"end":{}}],"line":14},"3":{"loc":{"start":{"line":44,"column":4},"end":{"line":44,"column":75}},"type":"if","locations":[{"start":{"line":44,"column":4},"end":{"line":44,"column":75}},{"start":{},"end":{}}],"line":44},"4":{"loc":{"start":{"line":47,"column":4},"end":{"line":47,"column":78}},"type":"if","locations":[{"start":{"line":47,"column":4},"end":{"line":47,"column":78}},{"start":{},"end":{}}],"line":47}},"s":{"0":0,"1":0,"2":0,"3":0,"4":0,"5":0,"6":0,"7":0,"8":0,"9":0,"10":0,"11":0,"12":0,"13":0,"14":0,"15":0,"16":0,"17":0,"18":0,"19":0,"20":0,"21":0,"22":0,"23":0,"24":0,"25":0,"26":0,"27":0,"28":0,"29":0,"30":0,"31":0,"32":0,"33":0,"34":0},"f":{"0":0,"1":0,"2":0},"b":{"0":[0,0],"1":[0,0,0],"2":[0,0],"3":[0,0],"4":[0,0]}}
,"C:\\Users\\ASUS\\Documents\\GitHub\\af-2-NIKKAvRULZ\\GlobeTrekker\\backend\\models\\User.js": {"path":"C:\\Users\\ASUS\\Documents\\GitHub\\af-2-NIKKAvRULZ\\GlobeTrekker\\backend\\models\\User.js","statementMap":{"0":{"start":{"line":1,"column":17},"end":{"line":1,"column":36}},"1":{"start":{"line":3,"column":19},"end":{"line":20,"column":2}},"2":{"start":{"line":22,"column":0},"end":{"line":22,"column":52}}},"fnMap":{},"branchMap":{},"s":{"0":0,"1":0,"2":0},"f":{},"b":{}}
,"C:\\Users\\ASUS\\Documents\\GitHub\\af-2-NIKKAvRULZ\\GlobeTrekker\\backend\\routes\\authRoutes.js": {"path":"C:\\Users\\ASUS\\Documents\\GitHub\\af-2-NIKKAvRULZ\\GlobeTrekker\\backend\\routes\\authRoutes.js","statementMap":{"0":{"start":{"line":1,"column":16},"end":{"line":1,"column":34}},"1":{"start":{"line":2,"column":39},"end":{"line":2,"column":79}},"2":{"start":{"line":3,"column":13},"end":{"line":3,"column":52}},"3":{"start":{"line":4,"column":15},"end":{"line":4,"column":31}},"4":{"start":{"line":6,"column":0},"end":{"line":6,"column":31}},"5":{"start":{"line":7,"column":0},"end":{"line":7,"column":29}},"6":{"start":{"line":8,"column":0},"end":{"line":8,"column":41}},"7":{"start":{"line":10,"column":0},"end":{"line":10,"column":24}}},"fnMap":{},"branchMap":{},"s":{"0":0,"1":0,"2":0,"3":0,"4":0,"5":0,"6":0,"7":0},"f":{},"b":{}}
}
